[2026-02-26T06:03:14.695Z] BUTTON_ACTION: User Login - /api/login - Email: cmadzivanyika@bdo.co.zw
[2026-02-26T06:03:31.798Z] BUTTON_ACTION: Session Toggle - /api/sessions/session-1772017379399 - ACTIVATE - User: Unknown
[2026-02-26T06:03:33.942Z] BUTTON_ACTION: Session Toggle - /api/sessions/session-1772017379399 - ACTIVATE - User: Unknown
[2026-02-26T06:03:34.637Z] BUTTON_ACTION: Session Toggle - /api/sessions/session-1772017379399 - ACTIVATE - User: Unknown
[2026-02-26T06:03:34.889Z] BUTTON_ACTION: Session Toggle - /api/sessions/session-1772017379399 - ACTIVATE - User: Unknown
[2026-02-26T06:03:42.185Z] BUTTON_ACTION: Session Toggle - /api/sessions/session-1772015554354 - ACTIVATE - User: Unknown
[2026-02-26T06:03:42.958Z] BUTTON_ACTION: Session Toggle - /api/sessions/session-1772015554354 - ACTIVATE - User: Unknown
[2026-02-26T06:03:44.363Z] BUTTON_ACTION: Session Toggle - /api/sessions/session-1772015554354 - ACTIVATE - User: Unknown
[2026-02-26T06:04:01.984Z] BUTTON_ACTION: Session Toggle - /api/sessions/session-1772017379399 - ACTIVATE - User: Unknown
[2026-02-26T06:04:04.243Z] BUTTON_ACTION: Session Toggle - /api/sessions/session-1772017379399 - ACTIVATE - User: Unknown
[2026-02-26T06:04:05.945Z] BUTTON_ACTION: Session Toggle - /api/sessions/session-1772017379399 - ACTIVATE - User: Unknown
[2026-02-26T06:04:08.109Z] BUTTON_ACTION: Session Toggle - /api/sessions/session-1772015554354 - ACTIVATE - User: Unknown
[2026-02-26T06:43:26.150Z] BUTTON_ACTION: User Login - /api/login - Email: cmadzivanyika@bdo.co.zw
[2026-02-26T06:43:32.114Z] BUTTON_ACTION: Session Toggle - /api/sessions/session-1772017379399 - ACTIVATE - User: Unknown
[2026-02-26T06:43:37.676Z] BUTTON_ACTION: Session Toggle - /api/sessions/session-1772015554354 - ACTIVATE - User: Unknown
[2026-02-26T06:43:40.257Z] BUTTON_ACTION: Session Toggle - /api/sessions/session-1772015554354 - DEACTIVATE - User: Unknown
[2026-02-26T06:44:08.360Z] BUTTON_ACTION: Profile Update - /api/user/cmadzivanyika@bdo.co.zw/profile - User: Unknown
[2026-02-26T06:44:08.366Z] BUTTON_ACTION: Profile Update - /api/user/cmadzivanyika@bdo.co.zw/profile - User: Unknown
[2026-02-26T06:57:53.875Z] BUTTON_ACTION: User Login - /api/login - Email: cmadzivanyika@bdo.co.zw
[2026-02-26T06:57:58.216Z] BUTTON_ACTION: Profile Update - /api/user/cmadzivanyika@bdo.co.zw/profile - User: Unknown
[2026-02-26T06:57:58.236Z] BUTTON_ACTION: Profile Update - /api/user/cmadzivanyika@bdo.co.zw/profile - User: Unknown
[2026-02-26T06:58:04.061Z] BUTTON_ACTION: Profile Update - /api/user/cmadzivanyika@bdo.co.zw/profile - User: Unknown
[2026-02-26T06:58:04.068Z] BUTTON_ACTION: Profile Update - /api/user/cmadzivanyika@bdo.co.zw/profile - User: Unknown
[2026-02-26T21:43:41.204Z] BUTTON_ACTION: User Login - /api/login - Email: cmadzivanyika@bdo.co.zw
[2026-02-26T21:43:50.244Z] BUTTON_ACTION: User Login - /api/login - Email: rmupanguri@bdo.co.zw
[2026-02-26T21:43:51.152Z] BUTTON_ACTION: User Login - /api/login - Email: rmupanguri@bdo.co.zw
[2026-02-27T06:21:25.272Z] BUTTON_ACTION: User Login - /api/login - Email: cmadzivanyika@bdo.co.zw
[2026-02-27T06:21:35.981Z] BUTTON_ACTION: User Login - /api/login - Email: cmadzivanyika@bdo.co.zw
[2026-02-27T06:21:36.746Z] BUTTON_ACTION: User Login - /api/login - Email: cmadzivanyika@bdo.co.zw
[2026-02-27T06:21:37.197Z] BUTTON_ACTION: User Login - /api/login - Email: cmadzivanyika@bdo.co.zw
[2026-02-27T06:28:22.854Z] BUTTON_ACTION: User Login - /api/login - Email: cmadzivanyika@bdo.co.zw
[2026-02-27T06:59:16.598Z] BUTTON_ACTION: User Login - /api/login - Email: cmadzivanyika@bdo.co.zw
[2026-02-27T06:59:16.617Z] BUTTON_ACTION: User Login - /api/login - Email: cmadzivanyika@bdo.co.zw
[2026-02-27T06:59:16.626Z] BUTTON_ACTION: User Login - /api/login - Email: cmadzivanyika@bdo.co.zw
[2026-02-27T06:59:16.633Z] BUTTON_ACTION: User Login - /api/login - Email: cmadzivanyika@bdo.co.zw
[2026-02-27T06:59:16.641Z] BUTTON_ACTION: User Login - /api/login - Email: cmadzivanyika@bdo.co.zw
[2026-02-27T06:59:16.649Z] BUTTON_ACTION: User Login - /api/login - Email: cmadzivanyika@bdo.co.zw
[2026-02-27T06:59:16.656Z] BUTTON_ACTION: User Login - /api/login - Email: cmadzivanyika@bdo.co.zw
[2026-02-27T06:59:16.664Z] BUTTON_ACTION: User Login - /api/login - Email: cmadzivanyika@bdo.co.zw
[2026-02-27T06:59:16.671Z] BUTTON_ACTION: User Login - /api/login - Email: cmadzivanyika@bdo.co.zw
[2026-02-27T06:59:16.679Z] BUTTON_ACTION: User Login - /api/login - Email: cmadzivanyika@bdo.co.zw
[2026-02-27T06:59:16.688Z] BUTTON_ACTION: User Login - /api/login - Email: cmadzivanyika@bdo.co.zw
[2026-02-27T06:59:16.695Z] BUTTON_ACTION: User Login - /api/login - Email: cmadzivanyika@bdo.co.zw
[2026-02-27T06:59:16.701Z] BUTTON_ACTION: User Login - /api/login - Email: cmadzivanyika@bdo.co.zw
[2026-02-27T06:59:16.708Z] BUTTON_ACTION: User Login - /api/login - Email: cmadzivanyika@bdo.co.zw
[2026-02-27T06:59:16.715Z] BUTTON_ACTION: User Login - /api/login - Email: cmadzivanyika@bdo.co.zw
[2026-02-27T06:59:16.722Z] BUTTON_ACTION: User Login - /api/login - Email: cmadzivanyika@bdo.co.zw
[2026-02-27T06:59:16.729Z] BUTTON_ACTION: User Login - /api/login - Email: cmadzivanyika@bdo.co.zw
[2026-02-27T07:00:44.414Z] BUTTON_ACTION: User Login - /api/login - Email: cmadzivanyika@bdo.co.zw
[2026-02-27T07:00:44.426Z] BUTTON_ACTION: User Login - /api/login - Email: cmadzivanyika@bdo.co.zw
[2026-02-27T07:00:44.432Z] BUTTON_ACTION: User Login - /api/login - Email: cmadzivanyika@bdo.co.zw
[2026-02-27T07:00:44.438Z] BUTTON_ACTION: User Login - /api/login - Email: cmadzivanyika@bdo.co.zw
[2026-02-27T07:00:44.444Z] BUTTON_ACTION: User Login - /api/login - Email: cmadzivanyika@bdo.co.zw
[2026-02-27T07:00:44.450Z] BUTTON_ACTION: User Login - /api/login - Email: cmadzivanyika@bdo.co.zw
[2026-02-27T07:00:44.456Z] BUTTON_ACTION: User Login - /api/login - Email: cmadzivanyika@bdo.co.zw
[2026-02-27T07:00:44.461Z] BUTTON_ACTION: User Login - /api/login - Email: cmadzivanyika@bdo.co.zw
[2026-02-27T07:00:44.467Z] BUTTON_ACTION: User Login - /api/login - Email: cmadzivanyika@bdo.co.zw
[2026-02-27T07:00:44.473Z] BUTTON_ACTION: User Login - /api/login - Email: cmadzivanyika@bdo.co.zw
[2026-02-27T07:00:44.479Z] BUTTON_ACTION: User Login - /api/login - Email: cmadzivanyika@bdo.co.zw
[2026-02-27T07:00:44.485Z] BUTTON_ACTION: User Login - /api/login - Email: cmadzivanyika@bdo.co.zw
[2026-02-27T07:00:44.490Z] BUTTON_ACTION: User Login - /api/login - Email: cmadzivanyika@bdo.co.zw
[2026-02-27T07:00:44.496Z] BUTTON_ACTION: User Login - /api/login - Email: cmadzivanyika@bdo.co.zw
[2026-02-27T07:00:44.503Z] BUTTON_ACTION: User Login - /api/login - Email: cmadzivanyika@bdo.co.zw
[2026-02-27T07:00:44.509Z] BUTTON_ACTION: User Login - /api/login - Email: cmadzivanyika@bdo.co.zw
[2026-02-27T07:00:44.516Z] BUTTON_ACTION: User Login - /api/login - Email: cmadzivanyika@bdo.co.zw
[2026-02-27T07:02:02.580Z] BUTTON_ACTION: User Login - /api/login - Email: cmadzivanyika@bdo.co.zw
[2026-02-27T07:02:30.100Z] BUTTON_ACTION: User Login - /api/login - Email: fmarikopo@bdo.co.zw
[2026-02-27T07:03:23.934Z] BUTTON_ACTION: User Login - /api/login - Email: fmarikopo@bdo.co.zw
[2026-02-27T07:05:28.726Z] BUTTON_ACTION: User Login - /api/login - Email: fmarikopo@bdo.co.zw
[2026-02-27T07:08:51.153Z] BUTTON_ACTION: User Login - /api/login - Email: cmadzivanyika@bdo.co.zw
[2026-02-27T07:08:58.371Z] BUTTON_ACTION: User Login - /api/login - Email: cmadzivanyika@bdo.co.zw
[2026-02-27T07:10:19.973Z] BUTTON_ACTION: Profile Update - /api/user/cmadzivanyika@bdo.co.zw/profile - User: Unknown
[2026-02-27T07:10:19.987Z] BUTTON_ACTION: Profile Update - /api/user/cmadzivanyika@bdo.co.zw/profile - User: Unknown
[2026-02-27T07:10:23.897Z] BUTTON_ACTION: Profile Update - /api/user/cmadzivanyika@bdo.co.zw/profile - User: Unknown
[2026-02-27T07:10:37.978Z] BUTTON_ACTION: Profile Update - /api/user/cmadzivanyika@bdo.co.zw/profile - User: Unknown
[2026-02-27T07:11:37.773Z] BUTTON_ACTION: Profile Update - /api/user/cmadzivanyika@bdo.co.zw/profile - User: Unknown
[2026-02-27T07:12:37.466Z] BUTTON_ACTION: Password Change - /api/user/cmadzivanyika@bdo.co.zw/password - User: Unknown
[2026-02-27T07:13:31.372Z] BUTTON_ACTION: Session Toggle - /api/sessions/session-1772176409834 - ACTIVATE - User: Unknown
[2026-02-27T07:13:51.764Z] BUTTON_ACTION: Profile Update - /api/user/cmadzivanyika@bdo.co.zw/profile - User: Unknown
[2026-02-27T07:13:51.773Z] BUTTON_ACTION: Profile Update - /api/user/cmadzivanyika@bdo.co.zw/profile - User: Unknown
[2026-02-27T07:14:27.365Z] BUTTON_ACTION: User Register - /api/register - Email: rmpanguri@bdo.co.zw - Department: IT
[2026-02-27T07:14:36.301Z] BUTTON_ACTION: User Register - /api/register - Email: rmpanguri@bdo.co.zw - Department: IT
[2026-02-27T07:14:40.244Z] BUTTON_ACTION: User Register - /api/register - Email: rmpanguri@bdo.co.zw - Department: IT
[2026-02-27T07:14:49.091Z] BUTTON_ACTION: User Register - /api/register - Email: rmpanguri@bdo.co.zw - Department: IT
[2026-02-27T07:28:35.114Z] BUTTON_ACTION: User Register - /api/register - Email: test@example.com - Department: test
[2026-02-27T07:29:01.798Z] BUTTON_ACTION: User Register - /api/register - Email: test@bdo.co.zw - Department: test
[2026-02-27T07:47:05.542Z] BUTTON_ACTION: User Login - /api/login - Email: test@bdo.co.zw
[2026-02-27T07:47:15.278Z] BUTTON_ACTION: User Register - /api/register - Email: test@bdo.co.zw - Department: Technology
[2026-02-27T07:47:54.683Z] BUTTON_ACTION: User Register - /api/register - Email: test@bdo.co.zw - Department: Technology
[2026-02-27T14:01:41.185Z] BUTTON_ACTION: User Login - /api/login - Email: it@bdo.co.zw
[2026-02-27T14:01:59.955Z] BUTTON_ACTION: User Login - /api/login - Email: it@bdo.co.zw
[2026-02-27T14:02:04.605Z] BUTTON_ACTION: User Login - /api/login - Email: cmadzivanyika@bdo.co.zw
[2026-02-27T14:02:05.422Z] BUTTON_ACTION: User Login - /api/login - Email: cmadzivanyika@bdo.co.zw
[2026-02-27T14:02:05.985Z] BUTTON_ACTION: User Login - /api/login - Email: cmadzivanyika@bdo.co.zw
[2026-02-27T14:03:28.428Z] BUTTON_ACTION: User Login - /api/login - Email: admin@bdo.co.zw
[2026-02-27T14:03:29.287Z] BUTTON_ACTION: User Login - /api/login - Email: admin@bdo.co.zw
[2026-02-27T14:09:45.723Z] BUTTON_ACTION: User Login - /api/login - Email: admin@bdo.co.zw
[2026-02-27T14:09:46.710Z] BUTTON_ACTION: User Login - /api/login - Email: admin@bdo.co.zw
[2026-02-27T14:09:47.039Z] BUTTON_ACTION: User Login - /api/login - Email: admin@bdo.co.zw
[2026-02-27T14:09:47.225Z] BUTTON_ACTION: User Login - /api/login - Email: admin@bdo.co.zw
[2026-02-27T14:09:47.367Z] BUTTON_ACTION: User Login - /api/login - Email: admin@bdo.co.zw
[2026-02-27T14:09:47.555Z] BUTTON_ACTION: User Login - /api/login - Email: admin@bdo.co.zw
[2026-02-27T14:09:47.703Z] BUTTON_ACTION: User Login - /api/login - Email: admin@bdo.co.zw
[2026-02-27T14:09:51.047Z] BUTTON_ACTION: User Login - /api/login - Email: admin@bdo.co.zw
[2026-02-27T14:10:02.845Z] BUTTON_ACTION: User Login - /api/login - Email: admin@bdo.co.zw
[2026-02-27T14:10:03.452Z] BUTTON_ACTION: User Login - /api/login - Email: admin@bdo.co.zw
[2026-02-27T14:10:03.604Z] BUTTON_ACTION: User Login - /api/login - Email: admin@bdo.co.zw
[2026-02-27T14:10:03.758Z] BUTTON_ACTION: User Login - /api/login - Email: admin@bdo.co.zw
[2026-02-27T14:10:03.913Z] BUTTON_ACTION: User Login - /api/login - Email: admin@bdo.co.zw
[2026-02-27T14:10:04.057Z] BUTTON_ACTION: User Login - /api/login - Email: admin@bdo.co.zw
[2026-02-27T14:12:02.151Z] BUTTON_ACTION: User Login - /api/login - Email: admin@bdo.co.zw
[2026-02-27T14:12:08.022Z] BUTTON_ACTION: User Login - /api/login - Email: admin@bdo.co.zw
[2026-02-27T14:25:03.837Z] BUTTON_ACTION: User Login - /api/login - Email: admin@bdo.co.zw
[2026-02-27T14:25:12.418Z] BUTTON_ACTION: User Login - /api/login - Email: admin@bdo.co.zw
[2026-02-27T14:25:33.170Z] BUTTON_ACTION: User Register - /api/register - Email: rmupanguri@bdo.co.zw - Department: IT
[2026-02-27T14:35:59.368Z] BUTTON_ACTION: User Register - /api/register - Email: rmupanguri@bdo.co.zw - Department: IT
[2026-02-27T14:36:03.357Z] BUTTON_ACTION: User Register - /api/register - Email: rmupanguri@bdo.co.zw - Department: IT
[2026-02-27T14:36:04.360Z] BUTTON_ACTION: User Register - /api/register - Email: rmupanguri@bdo.co.zw - Department: IT
[2026-02-27T14:36:05.386Z] BUTTON_ACTION: User Register - /api/register - Email: rmupanguri@bdo.co.zw - Department: IT
[2026-02-27T14:36:19.762Z] BUTTON_ACTION: User Login - /api/login - Email: rmupanguri@bdo.co.zw
[2026-03-02T13:05:28.230Z] BUTTON_ACTION: User Login - /api/login - Email: admin@bdo.co.zw
[2026-03-02T13:05:41.617Z] BUTTON_ACTION: User Login - /api/login - Email: admin@bdo.co.zw
[2026-03-02T13:06:11.617Z] BUTTON_ACTION: User Login - /api/login - Email: tax@bdo.co.zw
[2026-03-02T13:06:13.090Z] BUTTON_ACTION: User Login - /api/login - Email: tax@bdo.co.zw
[2026-03-02T13:07:05.921Z] BUTTON_ACTION: User Login - /api/login - Email: it@bdo.co.zw
[2026-03-02T14:06:00.790Z] BUTTON_ACTION: User Login - /api/login - Email: cmadzivanyika@bdo.co.zw
[2026-03-02T14:06:07.875Z] BUTTON_ACTION: User Login - /api/login - Email: cmadzivanyika@bdo.co.zw
[2026-03-02T14:06:23.965Z] BUTTON_ACTION: User Login - /api/login - Email: cmadzivanyika@bdo.co.zw
[2026-03-02T14:06:35.197Z] BUTTON_ACTION: User Login - /api/login - Email: cmadzivanyika@bdo.co.zw
[2026-03-02T14:07:03.756Z] BUTTON_ACTION: User Login - /api/login - Email: cmadzivanyika@bdo.co.zw
[2026-03-02T14:09:04.968Z] BUTTON_ACTION: User Login - /api/login - Email: cmadzivanyika@bdo.co.zw
[2026-03-02T14:10:19.597Z] BUTTON_ACTION: User Login - /api/login - Email: cmadzivanyika@bdo.co.zw
[2026-03-03T07:47:09.248Z] BUTTON_ACTION: User Login - /api/login - Email: admin@bdo.co.zw
[2026-03-03T07:47:13.645Z] BUTTON_ACTION: User Login - /api/login - Email: admin@bdo.co.zw
[2026-03-03T07:47:14.850Z] BUTTON_ACTION: User Login - /api/login - Email: admin@bdo.co.zw
[2026-03-03T07:47:15.978Z] BUTTON_ACTION: User Login - /api/login - Email: admin@bdo.co.zw
[2026-03-03T08:02:56.214Z] BUTTON_ACTION: User Login - /api/login - Email: admin@bdo.co.zw
[2026-03-03T08:21:37.906Z] BUTTON_ACTION: User Login - /api/login - Email: admin@bdo.co.zw
[2026-03-03T08:27:17.787Z] BUTTON_ACTION: User Login - /api/login - Email: admin@bdo.co.zw
[2026-03-03T08:27:41.419Z] BUTTON_ACTION: Profile Update - /api/user/admin@bdo.co.zw/profile - User: Unknown
[2026-03-03T08:27:41.434Z] BUTTON_ACTION: Profile Update - /api/user/admin@bdo.co.zw/profile - User: Unknown
[2026-03-03T08:28:21.864Z] BUTTON_ACTION: User Register - /api/register - Email: rmupanguri@bdo.co.zw - Department: IT
[2026-03-03T08:31:34.382Z] BUTTON_ACTION: User Register - /api/register - Email: rmupanguri@bdo.co.zw - Department: IT
[2026-03-03T08:32:02.285Z] BUTTON_ACTION: User Register - /api/register - Email: rmupanguri@bdo.co.zw - Department: IT
[2026-03-03T08:38:15.156Z] BUTTON_ACTION: User Register - /api/register - Email: rmupanguri@bdo.co.zw - Department: IT
[2026-03-03T08:38:21.124Z] BUTTON_ACTION: User Login - /api/login - Email: rmupanguri@bdo.co.zw
[2026-03-03T08:38:29.686Z] BUTTON_ACTION: User Login - /api/login - Email: admin@bdo.co.zw
[2026-03-03T08:38:29.826Z] BUTTON_ACTION: Profile Update - /api/user/admin@bdo.co.zw/profile - User: Unknown
[2026-03-03T08:38:29.866Z] BUTTON_ACTION: Profile Update - /api/user/admin@bdo.co.zw/profile - User: Unknown
[2026-03-03T08:38:43.524Z] BUTTON_ACTION: Profile Update - /api/user/rmupanguri@bdo.co.zw/profile - User: Unknown
[2026-03-03T08:38:43.537Z] BUTTON_ACTION: Profile Update - /api/user/rmupanguri@bdo.co.zw/profile - User: Unknown
[2026-03-03T08:38:46.364Z] BUTTON_ACTION: Profile Update - /api/user/rmupanguri@bdo.co.zw/profile - User: Unknown
[2026-03-03T08:38:46.373Z] BUTTON_ACTION: Profile Update - /api/user/rmupanguri@bdo.co.zw/profile - User: Unknown
[2026-03-03T08:38:56.074Z] BUTTON_ACTION: Profile Update - /api/user/rmupanguri@bdo.co.zw/profile - User: Unknown
[2026-03-03T08:38:56.084Z] BUTTON_ACTION: Profile Update - /api/user/rmupanguri@bdo.co.zw/profile - User: Unknown
[2026-03-03T08:43:00.309Z] BUTTON_ACTION: User Login - /api/login - Email: rmpanguri@bdo.co.zw
[2026-03-03T08:45:12.967Z] BUTTON_ACTION: User Login - /api/login - Email: rmpanguri@bdo.co.zw
[2026-03-03T08:45:13.717Z] BUTTON_ACTION: User Login - /api/login - Email: rmpanguri@bdo.co.zw
[2026-03-03T08:45:14.170Z] BUTTON_ACTION: User Login - /api/login - Email: rmpanguri@bdo.co.zw
[2026-03-03T08:45:14.344Z] BUTTON_ACTION: User Login - /api/login - Email: rmpanguri@bdo.co.zw
[2026-03-03T08:45:14.488Z] BUTTON_ACTION: User Login - /api/login - Email: rmpanguri@bdo.co.zw
[2026-03-03T08:45:14.657Z] BUTTON_ACTION: User Login - /api/login - Email: rmpanguri@bdo.co.zw
[2026-03-03T08:45:41.344Z] BUTTON_ACTION: User Login - /api/login - Email: admin@bdo.co.zw
[2026-03-03T08:45:57.213Z] BUTTON_ACTION: User Login - /api/login - Email: rmupanguri@bdo.co.zw
[2026-03-03T08:46:09.339Z] BUTTON_ACTION: User Login - /api/login - Email: rmupanguri@bdo.co.zw
[2026-03-03T08:46:23.178Z] BUTTON_ACTION: Profile Update - /api/user/rmupanguri@bdo.co.zw/profile - User: Unknown
[2026-03-03T08:46:23.231Z] BUTTON_ACTION: Profile Update - /api/user/rmupanguri@bdo.co.zw/profile - User: Unknown
[2026-03-03T08:46:35.160Z] BUTTON_ACTION: Profile Update - /api/user/rmupanguri@bdo.co.zw/profile - User: Unknown
[2026-03-03T08:46:35.167Z] BUTTON_ACTION: Profile Update - /api/user/rmupanguri@bdo.co.zw/profile - User: Unknown
[2026-03-03T08:52:33.496Z] BUTTON_ACTION: User Login - /api/login - Email: rmupanguri@bdo.co.zw
[2026-03-03T08:52:33.722Z] BUTTON_ACTION: Profile Update - /api/user/rmupanguri@bdo.co.zw/profile - User: Unknown
[2026-03-03T08:52:33.889Z] BUTTON_ACTION: Profile Update - /api/user/rmupanguri@bdo.co.zw/profile - User: Unknown
[2026-03-03T08:52:47.522Z] BUTTON_ACTION: Profile Update - /api/user/rmupanguri@bdo.co.zw/profile - User: Unknown
[2026-03-03T08:52:47.539Z] BUTTON_ACTION: Profile Update - /api/user/rmupanguri@bdo.co.zw/profile - User: Unknown
[2026-03-03T09:09:29.287Z] BUTTON_ACTION: User Login - /api/login - Email: rmupanguri@bdo.co.zw
[2026-03-03T09:09:29.463Z] BUTTON_ACTION: Profile Update - /api/user/rmupanguri@bdo.co.zw/profile - User: Unknown
[2026-03-03T09:09:29.516Z] BUTTON_ACTION: Profile Update - /api/user/rmupanguri@bdo.co.zw/profile - User: Unknown
[2026-03-03T09:09:44.057Z] BUTTON_ACTION: Profile Update - /api/user/rmupanguri@bdo.co.zw/profile - User: Unknown
[2026-03-03T09:10:23.194Z] BUTTON_ACTION: Password Change - /api/user/rmupanguri@bdo.co.zw/password - User: Unknown
[2026-03-03T09:16:45.217Z] BUTTON_ACTION: User Login - /api/login - Email: rmupanguri@bdo.co.zw
[2026-03-03T09:16:45.450Z] BUTTON_ACTION: Profile Update - /api/user/rmupanguri@bdo.co.zw/profile - User: Unknown
[2026-03-03T09:16:45.483Z] BUTTON_ACTION: Profile Update - /api/user/rmupanguri@bdo.co.zw/profile - User: Unknown
[2026-03-03T09:16:52.613Z] BUTTON_ACTION: Profile Update - /api/user/rmupanguri@bdo.co.zw/profile - User: Unknown
[2026-03-03T09:17:24.052Z] BUTTON_ACTION: Password Change - /api/user/rmupanguri@bdo.co.zw/password - User: Unknown
[2026-03-03T09:26:46.101Z] BUTTON_ACTION: Profile Update - /api/user/rmupanguri@bdo.co.zw/profile - User: Unknown
[2026-03-03T11:00:36.284Z] BUTTON_ACTION: User Login - /api/login - Email: rmupanguri@bdo.co.zw
[2026-03-03T11:00:36.469Z] BUTTON_ACTION: Profile Update - /api/user/rmupanguri@bdo.co.zw/profile - User: Unknown
[2026-03-03T11:00:36.521Z] BUTTON_ACTION: Profile Update - /api/user/rmupanguri@bdo.co.zw/profile - User: Unknown
[2026-03-03T11:00:40.878Z] BUTTON_ACTION: Profile Update - /api/user/rmupanguri@bdo.co.zw/profile - User: Unknown
[2026-03-03T11:00:45.962Z] BUTTON_ACTION: Profile Update - /api/user/rmupanguri@bdo.co.zw/profile - User: Unknown
[2026-03-03T11:00:46.083Z] BUTTON_ACTION: Profile Update - /api/user/rmupanguri@bdo.co.zw/profile - User: Unknown
[2026-03-03T11:05:54.995Z] BUTTON_ACTION: User Login - /api/login - Email: rmupanguri@bdo.co.zw
[2026-03-03T11:05:55.148Z] BUTTON_ACTION: Profile Update - /api/user/rmupanguri@bdo.co.zw/profile - User: Unknown
[2026-03-03T11:05:55.205Z] BUTTON_ACTION: Profile Update - /api/user/rmupanguri@bdo.co.zw/profile - User: Unknown
[2026-03-03T11:06:06.311Z] BUTTON_ACTION: Profile Update - /api/user/rmupanguri@bdo.co.zw/profile - User: Unknown
[2026-03-03T11:06:17.317Z] BUTTON_ACTION: Profile Update - /api/user/rmupanguri@bdo.co.zw/profile - User: Unknown
[2026-03-03T11:06:17.369Z] BUTTON_ACTION: Profile Update - /api/user/rmupanguri@bdo.co.zw/profile - User: Unknown
[2026-03-03T11:06:52.063Z] BUTTON_ACTION: User Login - /api/login - Email: admin@bdo.co.zw
[2026-03-03T11:06:53.814Z] BUTTON_ACTION: Profile Update - /api/user/admin@bdo.co.zw/profile - User: Unknown
[2026-03-03T11:06:53.829Z] BUTTON_ACTION: Profile Update - /api/user/admin@bdo.co.zw/profile - User: Unknown
[2026-03-03T11:07:12.680Z] BUTTON_ACTION: Profile Update - /api/user/admin@bdo.co.zw/profile - User: Unknown
[2026-03-03T11:07:22.133Z] BUTTON_ACTION: Profile Update - /api/user/admin@bdo.co.zw/profile - User: Unknown
[2026-03-03T11:07:42.841Z] BUTTON_ACTION: Password Change - /api/user/admin@bdo.co.zw/password - User: Unknown
[2026-03-03T11:09:11.005Z] BUTTON_ACTION: Session Toggle - /api/sessions/session-1772536142252 - ACTIVATE - User: Unknown
[2026-03-03T11:09:34.751Z] BUTTON_ACTION: User Login - /api/login - Email: rmupanguri@bdo.co.zw
[2026-03-03T11:10:16.889Z] BUTTON_ACTION: Quiz Submit - /api/responses - User: rmupanguri@bdo.co.zw - Score: 67
[2026-03-03T11:14:36.411Z] BUTTON_ACTION: User Login - /api/login - Email: rmupanguri@bdo.co.zw
[2026-03-03T11:14:46.978Z] BUTTON_ACTION: Quiz Submit - /api/responses - User: rmupanguri@bdo.co.zw - Score: 100
[2026-03-03T11:15:24.145Z] BUTTON_ACTION: Profile Update - /api/user/rmupanguri@bdo.co.zw/profile - User: Unknown
[2026-03-03T11:15:24.260Z] BUTTON_ACTION: Profile Update - /api/user/rmupanguri@bdo.co.zw/profile - User: Unknown
[2026-03-03T11:15:49.652Z] BUTTON_ACTION: User Register - /api/register - Email: cmadzivanyika@bdo.co.zw - Department: IT
[2026-03-03T11:16:04.603Z] BUTTON_ACTION: User Login - /api/login - Email: fmarikopo@bdo.co.zw
[2026-03-03T11:16:13.528Z] BUTTON_ACTION: User Login - /api/login - Email: cmadzivanyika@bdo.co.zw
[2026-03-03T11:16:25.617Z] BUTTON_ACTION: Quiz Submit - /api/responses - User: cmadzivanyika@bdo.co.zw - Score: Unknown
[2026-03-03T11:16:31.504Z] BUTTON_ACTION: Profile Update - /api/user/cmadzivanyika@bdo.co.zw/profile - User: Unknown
[2026-03-03T11:16:31.519Z] BUTTON_ACTION: Profile Update - /api/user/cmadzivanyika@bdo.co.zw/profile - User: Unknown
[2026-03-03T11:16:43.729Z] BUTTON_ACTION: Profile Update - /api/user/cmadzivanyika@bdo.co.zw/profile - User: Unknown
[2026-03-03T11:16:58.917Z] BUTTON_ACTION: User Login - /api/login - Email: admin@bdo.co.zw
[2026-03-03T11:17:48.734Z] BUTTON_ACTION: User Login - /api/login - Email: cmadzivanyika@bdo.co.zw
[2026-03-03T11:18:07.117Z] BUTTON_ACTION: Profile Update - /api/user/cmadzivanyika@bdo.co.zw/profile - User: Unknown
[2026-03-03T11:18:07.131Z] BUTTON_ACTION: Profile Update - /api/user/cmadzivanyika@bdo.co.zw/profile - User: Unknown
[2026-03-03T11:32:14.134Z] BUTTON_ACTION: User Login - /api/login - Email: cmadzivanyika@bdo.co.zw
[2026-03-03T11:32:19.313Z] BUTTON_ACTION: Profile Update - /api/user/cmadzivanyika@bdo.co.zw/profile - User: Unknown
[2026-03-03T11:32:19.365Z] BUTTON_ACTION: Profile Update - /api/user/cmadzivanyika@bdo.co.zw/profile - User: Unknown
[2026-03-03T11:32:27.978Z] BUTTON_ACTION: User Login - /api/login - Email: admin@bdo.co.zw
[2026-03-03T11:32:28.079Z] BUTTON_ACTION: Profile Update - /api/user/admin@bdo.co.zw/profile - User: Unknown
[2026-03-03T11:32:28.108Z] BUTTON_ACTION: Profile Update - /api/user/admin@bdo.co.zw/profile - User: Unknown
[2026-03-03T11:32:53.322Z] BUTTON_ACTION: Session Toggle - /api/sessions/session-1772536142252 - DEACTIVATE - User: Unknown
[2026-03-03T11:33:03.562Z] BUTTON_ACTION: User Login - /api/login - Email: cmadzivanyika@bdo.co.zw
[2026-03-03T11:33:13.844Z] BUTTON_ACTION: Profile Update - /api/user/cmadzivanyika@bdo.co.zw/profile - User: Unknown
[2026-03-03T11:33:13.860Z] BUTTON_ACTION: Profile Update - /api/user/cmadzivanyika@bdo.co.zw/profile - User: Unknown
[2026-03-03T11:54:38.597Z] BUTTON_ACTION: User Login - /api/login - Email: cmadzivanyika@bdo.co.zw
[2026-03-03T11:57:20.931Z] BUTTON_ACTION: User Login - /api/login - Email: admin@bdo.co.zw
[2026-03-03T11:57:49.300Z] BUTTON_ACTION: User Login - /api/login - Email: cmadzivanyika@bdo.co.zw
[2026-03-03T11:59:16.917Z] BUTTON_ACTION: Profile Update - /api/user/cmadzivanyika@bdo.co.zw/profile - User: Unknown
[2026-03-03T11:59:17.040Z] BUTTON_ACTION: Profile Update - /api/user/cmadzivanyika@bdo.co.zw/profile - User: Unknown
[2026-03-03T12:03:19.289Z] BUTTON_ACTION: User Login - /api/login - Email: admin@bdo.co.zw
[2026-03-03T13:12:21.523Z] BUTTON_ACTION: User Login - /api/login - Email: admin@bdo.co.zw
[2026-03-03T13:14:34.071Z] BUTTON_ACTION: User Login - /api/login - Email: cmadzivanyika@bdo.co.zw
[2026-03-03T13:15:17.229Z] BUTTON_ACTION: User Login - /api/login - Email: admin@bdo.co.zw
[2026-03-03T13:15:24.848Z] BUTTON_ACTION: Session Toggle - /api/sessions/session-1772536142252 - ACTIVATE - User: Unknown
[2026-03-03T13:26:06.073Z] BUTTON_ACTION: User Login - /api/login - Email: admin@bdo.co.zw
[2026-03-03T13:30:43.983Z] BUTTON_ACTION: Session Toggle - /api/sessions/session-1772544639866 - ACTIVATE - User: Unknown
[2026-03-03T13:30:58.159Z] BUTTON_ACTION: User Login - /api/login - Email: rmupanguri@bdo.co.zw
[2026-03-03T13:31:06.254Z] BUTTON_ACTION: Profile Update - /api/user/rmupanguri@bdo.co.zw/profile - User: Unknown
[2026-03-03T13:31:06.276Z] BUTTON_ACTION: Profile Update - /api/user/rmupanguri@bdo.co.zw/profile - User: Unknown
[2026-03-03T13:31:28.058Z] BUTTON_ACTION: Quiz Submit - /api/responses - User: rmupanguri@bdo.co.zw - Score: 67
[2026-03-04T06:17:16.264Z] BUTTON_ACTION: User Login - /api/login - Email: admin@bdo.co.zw
[2026-03-04T06:17:39.500Z] BUTTON_ACTION: User Login - /api/login - Email: cmadzivanyika@bdo.co.zw
[2026-03-04T06:18:32.537Z] BUTTON_ACTION: Profile Update - /api/user/cmadzivanyika@bdo.co.zw/profile - User: Unknown
[2026-03-04T06:18:32.554Z] BUTTON_ACTION: Profile Update - /api/user/cmadzivanyika@bdo.co.zw/profile - User: Unknown
[2026-03-04T06:31:02.120Z] BUTTON_ACTION: User Login - /api/login - Email: cmadzivanyika@bdo.co.zw
[2026-03-04T06:31:12.130Z] BUTTON_ACTION: Profile Update - /api/user/cmadzivanyika@bdo.co.zw/profile - User: Unknown
[2026-03-04T06:31:12.152Z] BUTTON_ACTION: Profile Update - /api/user/cmadzivanyika@bdo.co.zw/profile - User: Unknown
[2026-03-04T06:31:14.869Z] BUTTON_ACTION: Profile Update - /api/user/cmadzivanyika@bdo.co.zw/profile - User: Unknown
[2026-03-04T06:31:14.935Z] BUTTON_ACTION: Profile Update - /api/user/cmadzivanyika@bdo.co.zw/profile - User: Unknown
[2026-03-04T06:31:37.430Z] BUTTON_ACTION: Profile Update - /api/user/cmadzivanyika@bdo.co.zw/profile - User: Unknown
[2026-03-04T06:31:37.461Z] BUTTON_ACTION: Profile Update - /api/user/cmadzivanyika@bdo.co.zw/profile - User: Unknown
[2026-03-04T06:31:42.885Z] BUTTON_ACTION: User Login - /api/login - Email: cmadzivanyika@bdo.co.zw
[2026-03-04T06:32:08.574Z] BUTTON_ACTION: Profile Update - /api/user/cmadzivanyika@bdo.co.zw/profile - User: Unknown
[2026-03-04T06:32:08.655Z] BUTTON_ACTION: Profile Update - /api/user/cmadzivanyika@bdo.co.zw/profile - User: Unknown
[2026-03-04T06:32:37.960Z] BUTTON_ACTION: Quiz Submit - /api/responses - User: cmadzivanyika@bdo.co.zw - Score: Unknown
[2026-03-04T07:01:20.410Z] BUTTON_ACTION: User Login - /api/login - Email: cmadzivanyika@bdo.co.zw
[2026-03-04T07:02:12.232Z] BUTTON_ACTION: Quiz Submit - /api/responses - User: cmadzivanyika@bdo.co.zw - Score: Unknown
[2026-03-04T07:25:56.541Z] BUTTON_ACTION: User Login - /api/login - Email: cmadzivanyika@bdo.co.zw
[2026-03-04T07:26:08.927Z] BUTTON_ACTION: Quiz Submit - /api/responses - User: cmadzivanyika@bdo.co.zw - Score: Unknown
[2026-03-04T07:27:39.315Z] BUTTON_ACTION: Quiz Submit - /api/responses - User: cmadzivanyika@bdo.co.zw - Score: 67
[2026-03-04T07:30:56.992Z] BUTTON_ACTION: User Login - /api/login - Email: admin@bdo.co.zw
[2026-03-04T07:34:56.117Z] BUTTON_ACTION: User Login - /api/login - Email: admin@bdo.co.zw
[2026-03-04T07:35:18.125Z] BUTTON_ACTION: User Login - /api/login - Email: cmadzivanyika@bdo.co.zw
[2026-03-04T08:23:14.264Z] BUTTON_ACTION: User Login - /api/login - Email: admin@bdo.co.zw
[2026-03-04T08:23:25.041Z] BUTTON_ACTION: Profile Update - /api/user/admin@bdo.co.zw/profile - User: Unknown
[2026-03-04T08:23:25.068Z] BUTTON_ACTION: Profile Update - /api/user/admin@bdo.co.zw/profile - User: Unknown
[2026-03-04T08:23:42.264Z] BUTTON_ACTION: User Login - /api/login - Email: cmadzivanyika@bdo.co.zw
[2026-03-04T08:23:46.082Z] BUTTON_ACTION: Profile Update - /api/user/cmadzivanyika@bdo.co.zw/profile - User: Unknown
[2026-03-04T08:23:46.097Z] BUTTON_ACTION: Profile Update - /api/user/cmadzivanyika@bdo.co.zw/profile - User: Unknown
[2026-03-04T08:23:51.048Z] BUTTON_ACTION: User Login - /api/login - Email: rmupanguri@bdo.co.zw
[2026-03-04T08:23:51.147Z] BUTTON_ACTION: Profile Update - /api/user/rmupanguri@bdo.co.zw/profile - User: Unknown
[2026-03-04T08:23:51.180Z] BUTTON_ACTION: Profile Update - /api/user/rmupanguri@bdo.co.zw/profile - User: Unknown
