[2026-02-26T06:03:20.941Z] PERFORMANCE: POST /api/login - 6253ms - Status: 200
[2026-02-26T06:03:21.026Z] PERFORMANCE: GET /api/user/cmadzivanyika@bdo.co.zw/notifications - 3ms - Status: 200
[2026-02-26T06:03:21.036Z] PERFORMANCE: GET /api/user/cmadzivanyika@bdo.co.zw/notifications - 1ms - Status: 200
[2026-02-26T06:03:21.040Z] PERFORMANCE: GET /api/sessions - 28ms - Status: 200
[2026-02-26T06:03:21.050Z] PERFORMANCE: GET /api/sessions - 2ms - Status: 200
[2026-02-26T06:03:21.069Z] PERFORMANCE: GET /api/user/cmadzivanyika@bdo.co.zw/submissions - 11ms - Status: 200
[2026-02-26T06:03:21.083Z] PERFORMANCE: GET /api/user/cmadzivanyika@bdo.co.zw/session/session-1772017379399/retake-status - 2ms - Status: 200
[2026-02-26T06:03:21.091Z] PERFORMANCE: GET /api/user/cmadzivanyika@bdo.co.zw/submissions - 12ms - Status: 200
[2026-02-26T06:03:21.102Z] PERFORMANCE: GET /api/user/cmadzivanyika@bdo.co.zw/session/session-1772015554354/retake-status - 1ms - Status: 200
[2026-02-26T06:03:21.108Z] PERFORMANCE: GET /api/user/cmadzivanyika@bdo.co.zw/submissions - 11ms - Status: 200
[2026-02-26T06:03:21.114Z] PERFORMANCE: GET /api/user/cmadzivanyika@bdo.co.zw/submissions - 2ms - Status: 200
[2026-02-26T06:03:21.155Z] PERFORMANCE: GET /api/user/cmadzivanyika@bdo.co.zw/session/session-1772017379399/retake-status - 1ms - Status: 200
[2026-02-26T06:03:21.160Z] PERFORMANCE: GET /api/user/cmadzivanyika@bdo.co.zw/session/session-1772015554354/retake-status - 1ms - Status: 200
[2026-02-26T06:03:29.360Z] PERFORMANCE: GET /api/sessions - 1ms - Status: 200
[2026-02-26T06:03:29.371Z] PERFORMANCE: GET /api/sessions - 3ms - Status: 200
[2026-02-26T06:03:31.806Z] PERFORMANCE: PATCH /api/sessions/session-1772017379399 - 8ms - Status: 500
[2026-02-26T06:03:33.954Z] PERFORMANCE: PATCH /api/sessions/session-1772017379399 - 12ms - Status: 500
[2026-02-26T06:03:34.645Z] PERFORMANCE: PATCH /api/sessions/session-1772017379399 - 6ms - Status: 500
[2026-02-26T06:03:34.896Z] PERFORMANCE: PATCH /api/sessions/session-1772017379399 - 7ms - Status: 500
[2026-02-26T06:03:35.445Z] PERFORMANCE: GET /api/sessions - 10ms - Status: 200
[2026-02-26T06:03:35.461Z] PERFORMANCE: GET /api/sessions/session-1772017379399 - 20ms - Status: 200
[2026-02-26T06:03:35.471Z] PERFORMANCE: GET /api/sessions - 16ms - Status: 200
[2026-02-26T06:03:35.480Z] PERFORMANCE: GET /api/sessions/session-1772017379399 - 5ms - Status: 200
[2026-02-26T06:03:39.183Z] PERFORMANCE: GET /api/sessions - 12ms - Status: 200
[2026-02-26T06:03:39.193Z] PERFORMANCE: GET /api/sessions - 3ms - Status: 200
[2026-02-26T06:03:42.190Z] PERFORMANCE: PATCH /api/sessions/session-1772015554354 - 6ms - Status: 500
[2026-02-26T06:03:42.961Z] PERFORMANCE: PATCH /api/sessions/session-1772015554354 - 3ms - Status: 500
[2026-02-26T06:03:44.373Z] PERFORMANCE: PATCH /api/sessions/session-1772015554354 - 9ms - Status: 500
[2026-02-26T06:04:01.992Z] PERFORMANCE: PATCH /api/sessions/session-1772017379399 - 9ms - Status: 500
[2026-02-26T06:04:04.247Z] PERFORMANCE: PATCH /api/sessions/session-1772017379399 - 4ms - Status: 500
[2026-02-26T06:04:05.952Z] PERFORMANCE: PATCH /api/sessions/session-1772017379399 - 8ms - Status: 500
[2026-02-26T06:04:08.115Z] PERFORMANCE: PATCH /api/sessions/session-1772015554354 - 6ms - Status: 500
[2026-02-26T06:08:21.065Z] PERFORMANCE: GET /api/session-status - 2ms - Status: 401
[2026-02-26T06:08:21.078Z] PERFORMANCE: POST /api/refresh - 2ms - Status: 403
[2026-02-26T06:08:21.094Z] PERFORMANCE: POST /api/logout - 2ms - Status: 200
[2026-02-26T06:43:30.430Z] PERFORMANCE: POST /api/login - 4280ms - Status: 200
[2026-02-26T06:43:30.465Z] PERFORMANCE: GET /api/user/cmadzivanyika@bdo.co.zw/notifications - 2ms - Status: 200
[2026-02-26T06:43:30.478Z] PERFORMANCE: GET /api/user/cmadzivanyika@bdo.co.zw/notifications - 1ms - Status: 200
[2026-02-26T06:43:30.494Z] PERFORMANCE: GET /api/sessions - 24ms - Status: 200
[2026-02-26T06:43:30.502Z] PERFORMANCE: GET /api/sessions - 3ms - Status: 200
[2026-02-26T06:43:32.143Z] PERFORMANCE: PATCH /api/sessions/session-1772017379399 - 24ms - Status: 200
[2026-02-26T06:43:32.156Z] PERFORMANCE: GET /api/sessions - 3ms - Status: 200
[2026-02-26T06:43:37.695Z] PERFORMANCE: PATCH /api/sessions/session-1772015554354 - 17ms - Status: 200
[2026-02-26T06:43:37.718Z] PERFORMANCE: GET /api/sessions - 2ms - Status: 200
[2026-02-26T06:43:40.271Z] PERFORMANCE: PATCH /api/sessions/session-1772015554354 - 12ms - Status: 200
[2026-02-26T06:43:40.288Z] PERFORMANCE: GET /api/sessions - 4ms - Status: 200
[2026-02-26T06:43:46.415Z] PERFORMANCE: GET /api/users - 5ms - Status: 200
[2026-02-26T06:43:46.427Z] PERFORMANCE: GET /api/users - 5ms - Status: 200
[2026-02-26T06:43:46.432Z] PERFORMANCE: GET /api/sessions - 2ms - Status: 200
[2026-02-26T06:43:46.447Z] PERFORMANCE: GET /api/sessions - 4ms - Status: 200
[2026-02-26T06:43:46.475Z] PERFORMANCE: GET /api/user/test.user3@bdo.co.zw/submissions - 2ms - Status: 200
[2026-02-26T06:43:46.501Z] PERFORMANCE: GET /api/user/test.user2@bdo.co.zw/submissions - 22ms - Status: 200
[2026-02-26T06:43:46.507Z] PERFORMANCE: GET /api/user/cmadzivanyika@bdo.co.zw/submissions - 20ms - Status: 200
[2026-02-26T06:43:46.512Z] PERFORMANCE: GET /api/user/test.admin@bdo.co.zw/submissions - 27ms - Status: 200
[2026-02-26T06:43:46.516Z] PERFORMANCE: GET /api/user/test.user@bdo.co.zw/submissions - 37ms - Status: 200
[2026-02-26T06:43:46.522Z] PERFORMANCE: GET /api/user/fmarikopo@bdo.co.zw/submissions - 33ms - Status: 200
[2026-02-26T06:43:46.525Z] PERFORMANCE: GET /api/user/admin@bdo.co.zw/submissions - 30ms - Status: 200
[2026-02-26T06:43:46.555Z] PERFORMANCE: GET /api/user/test.user3@bdo.co.zw/submissions - 18ms - Status: 200
[2026-02-26T06:43:46.566Z] PERFORMANCE: GET /api/user/test.user2@bdo.co.zw/submissions - 14ms - Status: 200
[2026-02-26T06:43:46.569Z] PERFORMANCE: GET /api/user/cmadzivanyika@bdo.co.zw/submissions - 15ms - Status: 200
[2026-02-26T06:43:46.575Z] PERFORMANCE: GET /api/user/test.user@bdo.co.zw/submissions - 14ms - Status: 200
[2026-02-26T06:43:46.577Z] PERFORMANCE: GET /api/user/test.admin@bdo.co.zw/submissions - 18ms - Status: 200
[2026-02-26T06:43:46.582Z] PERFORMANCE: GET /api/user/john.doe@bdo.co.zw/submissions - 16ms - Status: 200
[2026-02-26T06:43:46.590Z] PERFORMANCE: GET /api/user/jane.smith@bdo.co.zw/submissions - 18ms - Status: 200
[2026-02-26T06:43:46.592Z] PERFORMANCE: GET /api/user/michael.jones@bdo.co.zw/submissions - 18ms - Status: 200
[2026-02-26T06:43:46.601Z] PERFORMANCE: GET /api/user/fmarikopo@bdo.co.zw/submissions - 15ms - Status: 200
[2026-02-26T06:43:46.602Z] PERFORMANCE: GET /api/user/sarah.wilson@bdo.co.zw/submissions - 15ms - Status: 200
[2026-02-26T06:43:46.605Z] PERFORMANCE: GET /api/user/admin@bdo.co.zw/submissions - 16ms - Status: 200
[2026-02-26T06:43:46.615Z] PERFORMANCE: GET /api/user/david.brown@bdo.co.zw/submissions - 19ms - Status: 200
[2026-02-26T06:43:46.618Z] PERFORMANCE: GET /api/user/emily.davis@bdo.co.zw/submissions - 19ms - Status: 200
[2026-02-26T06:43:46.622Z] PERFORMANCE: GET /api/user/john.doe@bdo.co.zw/submissions - 14ms - Status: 200
[2026-02-26T06:43:46.625Z] PERFORMANCE: GET /api/user/jane.smith@bdo.co.zw/submissions - 15ms - Status: 200
[2026-02-26T06:43:46.636Z] PERFORMANCE: GET /api/user/michael.jones@bdo.co.zw/submissions - 23ms - Status: 200
[2026-02-26T06:43:46.638Z] PERFORMANCE: GET /api/user/sarah.wilson@bdo.co.zw/submissions - 17ms - Status: 200
[2026-02-26T06:43:46.641Z] PERFORMANCE: GET /api/user/david.brown@bdo.co.zw/submissions - 10ms - Status: 200
[2026-02-26T06:43:46.647Z] PERFORMANCE: GET /api/user/emily.davis@bdo.co.zw/submissions - 12ms - Status: 200
[2026-02-26T06:44:01.783Z] PERFORMANCE: GET /api/sessions - 3ms - Status: 200
[2026-02-26T06:44:01.791Z] PERFORMANCE: GET /api/sessions - 1ms - Status: 200
[2026-02-26T06:44:08.363Z] PERFORMANCE: GET /api/user/cmadzivanyika@bdo.co.zw/profile - 4ms - Status: 200
[2026-02-26T06:44:08.369Z] PERFORMANCE: GET /api/user/cmadzivanyika@bdo.co.zw/profile - 2ms - Status: 200
[2026-02-26T06:48:31.063Z] PERFORMANCE: GET /api/session-status - 1ms - Status: 401
[2026-02-26T06:48:31.071Z] PERFORMANCE: POST /api/refresh - 1ms - Status: 403
[2026-02-26T06:48:31.080Z] PERFORMANCE: POST /api/logout - 1ms - Status: 200
[2026-02-26T06:57:58.191Z] PERFORMANCE: POST /api/login - 4317ms - Status: 200
[2026-02-26T06:57:58.210Z] PERFORMANCE: GET /api/user/cmadzivanyika@bdo.co.zw/notifications - 1ms - Status: 200
[2026-02-26T06:57:58.221Z] PERFORMANCE: GET /api/user/cmadzivanyika@bdo.co.zw/notifications - 1ms - Status: 200
[2026-02-26T06:57:58.229Z] PERFORMANCE: GET /api/user/cmadzivanyika@bdo.co.zw/profile - 10ms - Status: 200
[2026-02-26T06:57:58.239Z] PERFORMANCE: GET /api/user/cmadzivanyika@bdo.co.zw/profile - 4ms - Status: 200
[2026-02-26T06:58:01.761Z] PERFORMANCE: GET /api/sessions - 3ms - Status: 200
[2026-02-26T06:58:01.767Z] PERFORMANCE: GET /api/sessions - 2ms - Status: 200
[2026-02-26T06:58:04.063Z] PERFORMANCE: GET /api/user/cmadzivanyika@bdo.co.zw/profile - 4ms - Status: 200
[2026-02-26T06:58:04.073Z] PERFORMANCE: GET /api/user/cmadzivanyika@bdo.co.zw/profile - 5ms - Status: 200
[2026-02-26T07:02:59.077Z] PERFORMANCE: GET /api/session-status - 5ms - Status: 401
[2026-02-26T07:02:59.109Z] PERFORMANCE: POST /api/refresh - 2ms - Status: 403
[2026-02-26T07:02:59.118Z] PERFORMANCE: POST /api/logout - 2ms - Status: 200
[2026-02-26T21:43:41.208Z] PERFORMANCE: POST /api/login - 5ms - Status: 401
[2026-02-26T21:43:50.249Z] PERFORMANCE: POST /api/login - 5ms - Status: 401
[2026-02-26T21:43:51.157Z] PERFORMANCE: POST /api/login - 6ms - Status: 401
[2026-02-27T06:21:25.276Z] PERFORMANCE: POST /api/login - 4ms - Status: 401
[2026-02-27T06:21:35.985Z] PERFORMANCE: POST /api/login - 5ms - Status: 401
[2026-02-27T06:21:36.748Z] PERFORMANCE: POST /api/login - 2ms - Status: 401
[2026-02-27T06:21:37.199Z] PERFORMANCE: POST /api/login - 1ms - Status: 401
[2026-02-27T06:28:22.855Z] PERFORMANCE: POST /api/login - 1ms - Status: 401
[2026-02-27T06:59:16.599Z] PERFORMANCE: POST /api/login - 5ms - Status: 401
[2026-02-27T06:59:16.618Z] PERFORMANCE: POST /api/login - 2ms - Status: 401
[2026-02-27T06:59:16.627Z] PERFORMANCE: POST /api/login - 1ms - Status: 401
[2026-02-27T06:59:16.634Z] PERFORMANCE: POST /api/login - 1ms - Status: 401
[2026-02-27T06:59:16.643Z] PERFORMANCE: POST /api/login - 2ms - Status: 401
[2026-02-27T06:59:16.651Z] PERFORMANCE: POST /api/login - 2ms - Status: 401
[2026-02-27T06:59:16.657Z] PERFORMANCE: POST /api/login - 2ms - Status: 401
[2026-02-27T06:59:16.665Z] PERFORMANCE: POST /api/login - 1ms - Status: 401
[2026-02-27T06:59:16.672Z] PERFORMANCE: POST /api/login - 2ms - Status: 401
[2026-02-27T06:59:16.680Z] PERFORMANCE: POST /api/login - 2ms - Status: 401
[2026-02-27T06:59:16.689Z] PERFORMANCE: POST /api/login - 1ms - Status: 401
[2026-02-27T06:59:16.696Z] PERFORMANCE: POST /api/login - 1ms - Status: 401
[2026-02-27T06:59:16.703Z] PERFORMANCE: POST /api/login - 2ms - Status: 401
[2026-02-27T06:59:16.709Z] PERFORMANCE: POST /api/login - 2ms - Status: 401
[2026-02-27T06:59:16.717Z] PERFORMANCE: POST /api/login - 2ms - Status: 401
[2026-02-27T06:59:16.724Z] PERFORMANCE: POST /api/login - 2ms - Status: 401
[2026-02-27T06:59:16.730Z] PERFORMANCE: POST /api/login - 2ms - Status: 401
[2026-02-27T07:00:44.415Z] PERFORMANCE: POST /api/login - 1ms - Status: 401
[2026-02-27T07:00:44.427Z] PERFORMANCE: POST /api/login - 1ms - Status: 401
[2026-02-27T07:00:44.433Z] PERFORMANCE: POST /api/login - 2ms - Status: 401
[2026-02-27T07:00:44.439Z] PERFORMANCE: POST /api/login - 1ms - Status: 401
[2026-02-27T07:00:44.445Z] PERFORMANCE: POST /api/login - 1ms - Status: 401
[2026-02-27T07:00:44.452Z] PERFORMANCE: POST /api/login - 1ms - Status: 401
[2026-02-27T07:00:44.457Z] PERFORMANCE: POST /api/login - 1ms - Status: 401
[2026-02-27T07:00:44.462Z] PERFORMANCE: POST /api/login - 1ms - Status: 401
[2026-02-27T07:00:44.468Z] PERFORMANCE: POST /api/login - 1ms - Status: 401
[2026-02-27T07:00:44.474Z] PERFORMANCE: POST /api/login - 1ms - Status: 401
[2026-02-27T07:00:44.480Z] PERFORMANCE: POST /api/login - 1ms - Status: 401
[2026-02-27T07:00:44.486Z] PERFORMANCE: POST /api/login - 1ms - Status: 401
[2026-02-27T07:00:44.491Z] PERFORMANCE: POST /api/login - 1ms - Status: 401
[2026-02-27T07:00:44.497Z] PERFORMANCE: POST /api/login - 1ms - Status: 401
[2026-02-27T07:00:44.504Z] PERFORMANCE: POST /api/login - 1ms - Status: 401
[2026-02-27T07:00:44.511Z] PERFORMANCE: POST /api/login - 2ms - Status: 401
[2026-02-27T07:00:44.517Z] PERFORMANCE: POST /api/login - 2ms - Status: 401
[2026-02-27T07:02:02.655Z] PERFORMANCE: POST /api/login - 74ms - Status: 200
[2026-02-27T07:02:35.232Z] PERFORMANCE: POST /api/login - 5133ms - Status: 401
[2026-02-27T07:03:28.521Z] PERFORMANCE: POST /api/login - 4586ms - Status: 401
[2026-02-27T07:05:28.897Z] PERFORMANCE: POST /api/login - 172ms - Status: 200
[2026-02-27T07:08:51.228Z] PERFORMANCE: POST /api/login - 75ms - Status: 401
[2026-02-27T07:08:58.451Z] PERFORMANCE: POST /api/login - 81ms - Status: 200
[2026-02-27T07:08:58.498Z] PERFORMANCE: GET /api/user/cmadzivanyika@bdo.co.zw/notifications - 3ms - Status: 200
[2026-02-27T07:08:58.513Z] PERFORMANCE: GET /api/user/cmadzivanyika@bdo.co.zw/notifications - 1ms - Status: 200
[2026-02-27T07:08:58.728Z] PERFORMANCE: GET /api/sessions - 223ms - Status: 200
[2026-02-27T07:08:58.738Z] PERFORMANCE: GET /api/sessions - 3ms - Status: 200
[2026-02-27T07:10:12.241Z] PERFORMANCE: GET /api/sessions - 89ms - Status: 200
[2026-02-27T07:10:12.246Z] PERFORMANCE: GET /api/sessions - 3ms - Status: 200
[2026-02-27T07:10:13.840Z] PERFORMANCE: GET /api/users - 8ms - Status: 200
[2026-02-27T07:10:13.854Z] PERFORMANCE: GET /api/users - 8ms - Status: 200
[2026-02-27T07:10:13.933Z] PERFORMANCE: GET /api/sessions - 82ms - Status: 200
[2026-02-27T07:10:13.940Z] PERFORMANCE: GET /api/sessions - 2ms - Status: 200
[2026-02-27T07:10:13.949Z] PERFORMANCE: GET /api/user/cmadzivanyika@bdo.co.zw/submissions - 4ms - Status: 200
[2026-02-27T07:10:13.952Z] PERFORMANCE: GET /api/user/fmarikopo@bdo.co.zw/submissions - 9ms - Status: 200
[2026-02-27T07:10:13.958Z] PERFORMANCE: GET /api/user/cmadzivanyika@bdo.co.zw/submissions - 3ms - Status: 200
[2026-02-27T07:10:13.960Z] PERFORMANCE: GET /api/user/fmarikopo@bdo.co.zw/submissions - 4ms - Status: 200
[2026-02-27T07:10:18.151Z] PERFORMANCE: GET /api/sessions - 3ms - Status: 200
[2026-02-27T07:10:18.162Z] PERFORMANCE: GET /api/sessions - 6ms - Status: 200
[2026-02-27T07:10:19.982Z] PERFORMANCE: GET /api/user/cmadzivanyika@bdo.co.zw/profile - 10ms - Status: 200
[2026-02-27T07:10:19.992Z] PERFORMANCE: GET /api/user/cmadzivanyika@bdo.co.zw/profile - 5ms - Status: 200
[2026-02-27T07:10:23.901Z] PERFORMANCE: GET /api/user/cmadzivanyika@bdo.co.zw/profile - 4ms - Status: 200
[2026-02-27T07:10:38.065Z] PERFORMANCE: PATCH /api/user/cmadzivanyika@bdo.co.zw/profile - 88ms - Status: 500
[2026-02-27T07:11:37.864Z] PERFORMANCE: PATCH /api/user/cmadzivanyika@bdo.co.zw/profile - 91ms - Status: 500
[2026-02-27T07:12:37.618Z] PERFORMANCE: PATCH /api/user/cmadzivanyika@bdo.co.zw/password - 153ms - Status: 500
[2026-02-27T07:13:29.912Z] PERFORMANCE: POST /api/sessions - 79ms - Status: 201
[2026-02-27T07:13:29.918Z] PERFORMANCE: POST /api/department/IT/notifications - 1ms - Status: 200
[2026-02-27T07:13:29.936Z] PERFORMANCE: GET /api/sessions - 7ms - Status: 200
[2026-02-27T07:13:29.945Z] PERFORMANCE: GET /api/sessions - 3ms - Status: 200
[2026-02-27T07:13:31.380Z] PERFORMANCE: PATCH /api/sessions/session-1772176409834 - 8ms - Status: 200
[2026-02-27T07:13:31.388Z] PERFORMANCE: GET /api/sessions - 2ms - Status: 200
[2026-02-27T07:13:33.061Z] PERFORMANCE: GET /api/sessions/session-1772176409834 - 18ms - Status: 200
[2026-02-27T07:13:33.074Z] PERFORMANCE: GET /api/sessions/session-1772176409834 - 7ms - Status: 200
[2026-02-27T07:13:33.162Z] PERFORMANCE: GET /api/sessions - 116ms - Status: 200
[2026-02-27T07:13:33.170Z] PERFORMANCE: GET /api/sessions - 3ms - Status: 200
[2026-02-27T07:13:39.639Z] PERFORMANCE: GET /api/users - 6ms - Status: 200
[2026-02-27T07:13:39.649Z] PERFORMANCE: GET /api/users - 4ms - Status: 200
[2026-02-27T07:13:39.658Z] PERFORMANCE: GET /api/sessions - 2ms - Status: 200
[2026-02-27T07:13:39.668Z] PERFORMANCE: GET /api/sessions - 4ms - Status: 200
[2026-02-27T07:13:39.684Z] PERFORMANCE: GET /api/user/fmarikopo@bdo.co.zw/submissions - 7ms - Status: 200
[2026-02-27T07:13:39.690Z] PERFORMANCE: GET /api/user/cmadzivanyika@bdo.co.zw/submissions - 7ms - Status: 200
[2026-02-27T07:13:39.700Z] PERFORMANCE: GET /api/user/fmarikopo@bdo.co.zw/submissions - 7ms - Status: 200
[2026-02-27T07:13:39.703Z] PERFORMANCE: GET /api/user/cmadzivanyika@bdo.co.zw/submissions - 5ms - Status: 200
[2026-02-27T07:13:42.519Z] PERFORMANCE: GET /api/sessions - 3ms - Status: 200
[2026-02-27T07:13:42.526Z] PERFORMANCE: GET /api/sessions - 3ms - Status: 200
[2026-02-27T07:13:48.125Z] PERFORMANCE: GET /api/sessions/session-1772176409834 - 6ms - Status: 200
[2026-02-27T07:13:51.767Z] PERFORMANCE: GET /api/user/cmadzivanyika@bdo.co.zw/profile - 3ms - Status: 200
[2026-02-27T07:13:51.776Z] PERFORMANCE: GET /api/user/cmadzivanyika@bdo.co.zw/profile - 3ms - Status: 200
[2026-02-27T07:13:59.317Z] PERFORMANCE: GET /api/session-status - 2ms - Status: 401
[2026-02-27T07:13:59.326Z] PERFORMANCE: POST /api/refresh - 2ms - Status: 403
[2026-02-27T07:13:59.334Z] PERFORMANCE: POST /api/logout - 1ms - Status: 200
[2026-02-27T07:14:27.513Z] PERFORMANCE: POST /api/register - 148ms - Status: 500
[2026-02-27T07:14:36.547Z] PERFORMANCE: POST /api/register - 245ms - Status: 500
[2026-02-27T07:14:40.403Z] PERFORMANCE: POST /api/register - 160ms - Status: 500
[2026-02-27T07:14:49.231Z] PERFORMANCE: POST /api/register - 141ms - Status: 500
[2026-02-27T07:28:35.117Z] PERFORMANCE: POST /api/register - 3ms - Status: 400
[2026-02-27T07:29:01.938Z] PERFORMANCE: POST /api/register - 139ms - Status: 500
[2026-02-27T07:47:05.545Z] PERFORMANCE: POST /api/login - 3ms - Status: 401
[2026-02-27T07:47:15.626Z] PERFORMANCE: POST /api/register - 349ms - Status: 500
[2026-02-27T07:47:54.852Z] PERFORMANCE: POST /api/register - 169ms - Status: 500
[2026-02-27T14:01:41.190Z] PERFORMANCE: POST /api/login - 5ms - Status: 401
[2026-02-27T14:01:59.958Z] PERFORMANCE: POST /api/login - 4ms - Status: 401
[2026-02-27T14:02:04.678Z] PERFORMANCE: POST /api/login - 73ms - Status: 401
[2026-02-27T14:02:05.492Z] PERFORMANCE: POST /api/login - 71ms - Status: 401
[2026-02-27T14:02:06.057Z] PERFORMANCE: POST /api/login - 72ms - Status: 401
[2026-02-27T14:03:28.431Z] PERFORMANCE: POST /api/login - 4ms - Status: 401
[2026-02-27T14:03:29.289Z] PERFORMANCE: POST /api/login - 3ms - Status: 401
[2026-02-27T14:09:45.726Z] PERFORMANCE: POST /api/login - 3ms - Status: 401
[2026-02-27T14:09:46.713Z] PERFORMANCE: POST /api/login - 3ms - Status: 401
[2026-02-27T14:09:47.042Z] PERFORMANCE: POST /api/login - 3ms - Status: 401
[2026-02-27T14:09:47.228Z] PERFORMANCE: POST /api/login - 3ms - Status: 401
[2026-02-27T14:09:47.370Z] PERFORMANCE: POST /api/login - 3ms - Status: 401
[2026-02-27T14:09:47.560Z] PERFORMANCE: POST /api/login - 8ms - Status: 401
[2026-02-27T14:09:47.704Z] PERFORMANCE: POST /api/login - 2ms - Status: 401
[2026-02-27T14:09:51.050Z] PERFORMANCE: POST /api/login - 3ms - Status: 401
[2026-02-27T14:10:02.847Z] PERFORMANCE: POST /api/login - 3ms - Status: 401
[2026-02-27T14:10:03.454Z] PERFORMANCE: POST /api/login - 2ms - Status: 401
[2026-02-27T14:10:03.606Z] PERFORMANCE: POST /api/login - 2ms - Status: 401
[2026-02-27T14:10:03.760Z] PERFORMANCE: POST /api/login - 2ms - Status: 401
[2026-02-27T14:10:03.916Z] PERFORMANCE: POST /api/login - 3ms - Status: 401
[2026-02-27T14:10:04.058Z] PERFORMANCE: POST /api/login - 1ms - Status: 401
[2026-02-27T14:12:02.166Z] PERFORMANCE: POST /api/login - 15ms - Status: 401
[2026-02-27T14:12:08.028Z] PERFORMANCE: POST /api/login - 7ms - Status: 401
[2026-02-27T14:25:03.910Z] PERFORMANCE: POST /api/login - 73ms - Status: 401
[2026-02-27T14:25:12.491Z] PERFORMANCE: POST /api/login - 73ms - Status: 401
[2026-02-27T14:25:33.339Z] PERFORMANCE: POST /api/register - 169ms - Status: 500
[2026-02-27T14:35:59.562Z] PERFORMANCE: POST /api/register - 194ms - Status: 500
[2026-02-27T14:36:03.631Z] PERFORMANCE: POST /api/register - 275ms - Status: 500
[2026-02-27T14:36:04.541Z] PERFORMANCE: POST /api/register - 181ms - Status: 500
[2026-02-27T14:36:05.573Z] PERFORMANCE: POST /api/register - 188ms - Status: 500
[2026-02-27T14:36:19.764Z] PERFORMANCE: POST /api/login - 2ms - Status: 401
[2026-03-02T12:55:14.942Z] PERFORMANCE: GET /api/users - 4ms - Status: 401
[2026-03-02T13:05:28.325Z] PERFORMANCE: POST /api/login - 96ms - Status: 401
[2026-03-02T13:05:41.696Z] PERFORMANCE: POST /api/login - 80ms - Status: 401
[2026-03-02T13:06:11.620Z] PERFORMANCE: POST /api/login - 4ms - Status: 401
[2026-03-02T13:06:13.092Z] PERFORMANCE: POST /api/login - 3ms - Status: 401
[2026-03-02T13:07:05.924Z] PERFORMANCE: POST /api/login - 3ms - Status: 401
[2026-03-02T14:06:00.865Z] PERFORMANCE: POST /api/login - 76ms - Status: 401
[2026-03-02T14:06:07.958Z] PERFORMANCE: POST /api/login - 83ms - Status: 401
[2026-03-02T14:06:24.039Z] PERFORMANCE: POST /api/login - 75ms - Status: 401
[2026-03-02T14:06:35.274Z] PERFORMANCE: POST /api/login - 78ms - Status: 401
[2026-03-02T14:07:03.835Z] PERFORMANCE: POST /api/login - 79ms - Status: 401
[2026-03-02T14:09:05.053Z] PERFORMANCE: POST /api/login - 85ms - Status: 401
[2026-03-02T14:10:19.667Z] PERFORMANCE: POST /api/login - 70ms - Status: 401
